<?xml version="1.0" encoding="UTF-8"?>
<!-- Generated by org.testng.reporters.JUnitXMLReporter -->
<testsuite hostname="JN64CJ6N1XA3LMR" ignored="0" name="测试用例测试" tests="1" failures="0" timestamp="23 四月 2019 02:58:46 GMT" time="0.042" errors="0">
  <testcase name="@BeforeClass setUp" time="0.0" classname="com.demo.test.ParametersTest">
    <failure type="org.testng.TestNGException" message="
Parameter &amp;apos;browser&amp;apos; is required by BeforeClass on method setUp but has not been marked @Optional or defined
in D:\application\eclipse\workspace\ui-autotest-demo\src\main\resources\NewFile.xml">
      <![CDATA[org.testng.TestNGException: 
Parameter 'browser' is required by BeforeClass on method setUp but has not been marked @Optional or defined
in D:\application\eclipse\workspace\ui-autotest-demo\src\main\resources\NewFile.xml
	at java.util.concurrent.ThreadPoolExecutor.runWorker(Unknown Source)
	at java.util.concurrent.ThreadPoolExecutor$Worker.run(Unknown Source)
	at java.lang.Thread.run(Unknown Source)
... Removed 7 stack frames]]>
    </failure>
  </testcase> <!-- @BeforeClass setUp -->
  <testcase name="@AfterClass cleanUp" time="0.0" classname="com.demo.test.ParametersTest">
    <skipped/>
  </testcase> <!-- @AfterClass cleanUp -->
  <testcase name="testLogin" time="0.006" classname="com.demo.test.ParametersTest">
    <skipped/>
  </testcase> <!-- testLogin -->
</testsuite> <!-- 测试用例测试 -->
